[2026-02-17 08:01:31] Position update: default in individual - Default positions
[2026-02-17 09:00:23] Position update: deep_work_morning in individual - Deep work - Agents at individual desks
[2026-02-17 10:00:20] Position update: deep_work_morning in individual - Deep work - Agents at individual desks
[2026-02-17 11:01:24] Position update: collaboration_content in content_corner - Content collaboration - Glasses→Quill→Pixel
[2026-02-17 12:01:28] Position update: lunch_break in break_area - Lunch break - Mixed groups
[2026-02-17 13:00:12] Position update: deep_work_afternoon in individual - Afternoon deep work
[2026-02-17 14:00:30] Position update: deep_work_afternoon in individual - Afternoon deep work
[2026-02-17 15:00:41] Position update: marketing_planning in marketing_bay - Marketing campaign planning
[2026-02-17 16:00:45] Position update: review_qa in qa_station - Review and QA session
[2026-02-17 17:00:32] Position update: strategy_planning in command - Strategic planning - EricF + Air1ck3ff
[2026-02-17 18:01:44] Position update: wrap_up in individual - End of day wrap-up
[2026-02-17 19:02:03] Position update: wind_down in break_area - Wind down - Casual conversations
[2026-02-17 20:00:17] Position update: wind_down in break_area - Wind down - Casual conversations
[2026-02-17 21:01:38] Position update: night_ops in ops_center - Night operations - Sentry/Cipher monitoring
[2026-02-17 22:04:38] Position update: night_ops in ops_center - Night operations - Sentry/Cipher monitoring
[2026-02-18 05:00:10] Position update: night_ops in ops_center - Night operations - Sentry/Cipher monitoring
[2026-02-18 06:00:20] Position update: morning_briefing in conference - Daily briefing - All agents gathered
[2026-02-18 08:01:10] Position update: default in individual - Default positions
[2026-02-18 09:00:11] Position update: deep_work_morning in individual - Deep work - Agents at individual desks
[2026-02-18 10:00:29] Position update: deep_work_morning in individual - Deep work - Agents at individual desks
[2026-02-18 12:00:22] Position update: lunch_break in break_area - Lunch break - Mixed groups
[2026-02-18 13:01:04] Position update: deep_work_afternoon in individual - Afternoon deep work
[2026-02-18 14:00:54] Position update: deep_work_afternoon in individual - Afternoon deep work
[2026-02-18 16:00:10] Position update: review_qa in qa_station - Review and QA session
[2026-02-18 17:00:13] Position update: strategy_planning in command - Strategic planning - EricF + Air1ck3ff
[2026-02-18 18:01:27] Position update: wrap_up in individual - End of day wrap-up
[2026-02-18 21:00:36] Position update: night_ops in ops_center - Night operations - Sentry/Cipher monitoring
[2026-02-18 22:00:33] Position update: night_ops in ops_center - Night operations - Sentry/Cipher monitoring
[2026-02-19 00:02:44] Position update: night_ops in ops_center - Night operations - Sentry/Cipher monitoring
[2026-02-19 01:00:10] Position update: night_ops in ops_center - Night operations - Sentry/Cipher monitoring
[2026-02-19 02:01:09] Position update: night_ops in ops_center - Night operations - Sentry/Cipher monitoring
[2026-02-19 04:00:03] Position update: night_ops in ops_center - Night operations - Sentry/Cipher monitoring
[2026-02-19 05:00:06] Position update: night_ops in ops_center - Night operations - Sentry/Cipher monitoring
[2026-02-19 06:00:04] Position update: morning_briefing in conference - Daily briefing - All agents gathered
[2026-02-19 07:00:05] Position update: morning_briefing in conference - Daily briefing - All agents gathered
[2026-02-19 08:01:07] Position update: default in individual - Default positions
[2026-02-19 09:00:29] Position update: deep_work_morning in individual - Deep work - Agents at individual desks
[2026-02-19 10:00:08] Position update: deep_work_morning in individual - Deep work - Agents at individual desks
[2026-02-20 10:00:32] Position update: deep_work_morning in individual - Deep work - Agents at individual desks
